<?xml version="1.0" encoding="UTF-8"?>
<robot generator="Robot 3.1.2 (Python 3.7.2 on win32)" generated="20200121 17:00:44.699" rpa="false">
<suite id="s1" name="TestSuite1" source="C:\Users\QA\Desktop\Workspace Eclipse\RobotProject1\test\TestSuite1.robot">
<kw name="Log" library="BuiltIn" type="setup">
<doc>Logs the given message with the given level.</doc>
<arguments>
<arg>I am inside a Test Suite Setup</arg>
</arguments>
<msg timestamp="20200121 17:00:45.049" level="INFO">I am inside a Test Suite Setup</msg>
<status status="PASS" starttime="20200121 17:00:45.049" endtime="20200121 17:00:45.050"></status>
</kw>
<test id="s1-t1" name="MyFirstTest">
<kw name="Log" library="BuiltIn" type="setup">
<doc>Logs the given message with the given level.</doc>
<arguments>
<arg>I am inside a Test Setup</arg>
</arguments>
<msg timestamp="20200121 17:00:45.052" level="INFO">I am inside a Test Setup</msg>
<status status="PASS" starttime="20200121 17:00:45.052" endtime="20200121 17:00:45.052"></status>
</kw>
<kw name="Log" library="BuiltIn">
<doc>Logs the given message with the given level.</doc>
<arguments>
<arg>Hello World...</arg>
</arguments>
<msg timestamp="20200121 17:00:45.054" level="INFO">Hello World...</msg>
<status status="PASS" starttime="20200121 17:00:45.054" endtime="20200121 17:00:45.054"></status>
</kw>
<kw name="Log" library="BuiltIn" type="teardown">
<doc>Logs the given message with the given level.</doc>
<arguments>
<arg>I am inside a Test Teardown</arg>
</arguments>
<msg timestamp="20200121 17:00:45.056" level="INFO">I am inside a Test Teardown</msg>
<status status="PASS" starttime="20200121 17:00:45.056" endtime="20200121 17:00:45.056"></status>
</kw>
<status status="PASS" starttime="20200121 17:00:45.050" endtime="20200121 17:00:45.058" critical="yes"></status>
</test>
<kw name="Log" library="BuiltIn" type="teardown">
<doc>Logs the given message with the given level.</doc>
<arguments>
<arg>I am inside a Test Suite Teardown</arg>
</arguments>
<msg timestamp="20200121 17:00:45.064" level="INFO">I am inside a Test Suite Teardown</msg>
<status status="PASS" starttime="20200121 17:00:45.064" endtime="20200121 17:00:45.064"></status>
</kw>
<status status="PASS" starttime="20200121 17:00:44.703" endtime="20200121 17:00:45.064"></status>
</suite>
<statistics>
<total>
<stat pass="1" fail="0">Critical Tests</stat>
<stat pass="1" fail="0">All Tests</stat>
</total>
<tag>
</tag>
<suite>
<stat pass="1" fail="0" id="s1" name="TestSuite1">TestSuite1</stat>
</suite>
</statistics>
<errors>
</errors>
</robot>
